<?xml version="1.0" encoding="UTF-8"?>
<!-- Generated by org.testng.reporters.JUnitReportReporter -->
<testsuite name="com.test.TestngExample2" tests="2" time="0.000" ignored="1" failures="0" timestamp="04 三月 2017 02:15:02 GMT" skipped="0" hostname="JACKSON" errors="0">
  <testcase name="TestNgPass" time="0.000" classname="com.test.TestngExample2"/>
  <testcase name="TestNgFPass2" time="0.000" classname="com.test.TestngExample2"/>
  <testcase name="beforesuite" classname="com.test.TestngBase">
    <skipped/>
  </testcase> <!-- beforesuite -->
</testsuite> <!-- com.test.TestngExample2 -->
